mode: set
github.com/ViniciusTei/viniciustei-blog/main.go:10.13,18.2 5 0
github.com/ViniciusTei/viniciustei-blog/handlers/files.go:17.53,19.16 2 0
github.com/ViniciusTei/viniciustei-blog/handlers/files.go:19.16,21.3 1 0
github.com/ViniciusTei/viniciustei-blog/handlers/files.go:23.2,26.69 4 0
github.com/ViniciusTei/viniciustei-blog/handlers/files.go:29.55,33.16 3 0
github.com/ViniciusTei/viniciustei-blog/handlers/files.go:33.16,35.3 1 0
github.com/ViniciusTei/viniciustei-blog/handlers/files.go:37.2,37.29 1 0
github.com/ViniciusTei/viniciustei-blog/handlers/files.go:37.29,38.41 1 0
github.com/ViniciusTei/viniciustei-blog/handlers/files.go:38.41,41.18 3 0
github.com/ViniciusTei/viniciustei-blog/handlers/files.go:41.18,43.5 1 0
github.com/ViniciusTei/viniciustei-blog/handlers/files.go:45.4,45.40 1 0
github.com/ViniciusTei/viniciustei-blog/handlers/files.go:49.2,49.22 1 0
github.com/ViniciusTei/viniciustei-blog/handlers/routes.go:14.57,16.16 2 0
github.com/ViniciusTei/viniciustei-blog/handlers/routes.go:16.16,20.3 3 0
github.com/ViniciusTei/viniciustei-blog/handlers/routes.go:22.2,23.16 2 0
github.com/ViniciusTei/viniciustei-blog/handlers/routes.go:23.16,27.3 3 0
github.com/ViniciusTei/viniciustei-blog/handlers/routes.go:29.2,35.16 3 0
github.com/ViniciusTei/viniciustei-blog/handlers/routes.go:35.16,39.3 3 0
github.com/ViniciusTei/viniciustei-blog/handlers/routes.go:48.61,50.16 2 0
github.com/ViniciusTei/viniciustei-blog/handlers/routes.go:50.16,53.3 2 0
github.com/ViniciusTei/viniciustei-blog/handlers/routes.go:55.2,56.16 2 0
github.com/ViniciusTei/viniciustei-blog/handlers/routes.go:56.16,60.3 3 0
github.com/ViniciusTei/viniciustei-blog/handlers/routes.go:62.2,63.29 2 0
github.com/ViniciusTei/viniciustei-blog/handlers/routes.go:63.29,64.21 1 0
github.com/ViniciusTei/viniciustei-blog/handlers/routes.go:64.21,66.9 2 0
github.com/ViniciusTei/viniciustei-blog/handlers/routes.go:70.2,70.24 1 0
github.com/ViniciusTei/viniciustei-blog/handlers/routes.go:70.24,73.3 2 0
github.com/ViniciusTei/viniciustei-blog/handlers/routes.go:75.2,76.16 2 0
github.com/ViniciusTei/viniciustei-blog/handlers/routes.go:76.16,80.3 3 0
github.com/ViniciusTei/viniciustei-blog/handlers/routes.go:82.2,86.16 2 0
github.com/ViniciusTei/viniciustei-blog/handlers/routes.go:86.16,90.3 3 0
github.com/ViniciusTei/viniciustei-blog/markdown/lexer.go:34.36,40.2 1 0
github.com/ViniciusTei/viniciustei-blog/markdown/lexer.go:42.35,43.30 1 0
github.com/ViniciusTei/viniciustei-blog/markdown/lexer.go:43.30,45.3 1 0
github.com/ViniciusTei/viniciustei-blog/markdown/lexer.go:47.2,50.34 3 0
github.com/ViniciusTei/viniciustei-blog/markdown/lexer.go:50.34,53.17 2 0
github.com/ViniciusTei/viniciustei-blog/markdown/lexer.go:53.17,55.4 1 0
github.com/ViniciusTei/viniciustei-blog/markdown/lexer.go:57.3,57.17 1 0
github.com/ViniciusTei/viniciustei-blog/markdown/lexer.go:57.17,59.4 1 0
github.com/ViniciusTei/viniciustei-blog/markdown/lexer.go:61.3,61.17 1 0
github.com/ViniciusTei/viniciustei-blog/markdown/lexer.go:61.17,63.4 1 0
github.com/ViniciusTei/viniciustei-blog/markdown/lexer.go:65.3,65.17 1 0
github.com/ViniciusTei/viniciustei-blog/markdown/lexer.go:65.17,67.4 1 0
github.com/ViniciusTei/viniciustei-blog/markdown/lexer.go:69.3,69.17 1 0
github.com/ViniciusTei/viniciustei-blog/markdown/lexer.go:69.17,71.4 1 0
github.com/ViniciusTei/viniciustei-blog/markdown/lexer.go:73.3,73.77 1 0
github.com/ViniciusTei/viniciustei-blog/markdown/lexer.go:74.8,74.108 1 0
github.com/ViniciusTei/viniciustei-blog/markdown/lexer.go:74.108,76.3 1 0
github.com/ViniciusTei/viniciustei-blog/markdown/lexer.go:76.8,76.84 1 0
github.com/ViniciusTei/viniciustei-blog/markdown/lexer.go:76.84,78.3 1 0
github.com/ViniciusTei/viniciustei-blog/markdown/lexer.go:78.8,78.23 1 0
github.com/ViniciusTei/viniciustei-blog/markdown/lexer.go:78.23,80.3 1 0
github.com/ViniciusTei/viniciustei-blog/markdown/lexer.go:82.2,82.51 1 0
github.com/ViniciusTei/viniciustei-blog/markdown/markdow_parser.go:3.45,7.2 3 0
github.com/ViniciusTei/viniciustei-blog/markdown/parser.go:31.38,33.6 2 0
github.com/ViniciusTei/viniciustei-blog/markdown/parser.go:33.6,36.29 3 0
github.com/ViniciusTei/viniciustei-blog/markdown/parser.go:36.29,37.9 1 0
github.com/ViniciusTei/viniciustei-blog/markdown/parser.go:41.2,45.3 1 0
github.com/ViniciusTei/viniciustei-blog/markdown/parser.go:48.34,51.6 2 0
github.com/ViniciusTei/viniciustei-blog/markdown/parser.go:51.6,53.29 2 0
github.com/ViniciusTei/viniciustei-blog/markdown/parser.go:53.29,54.9 1 0
github.com/ViniciusTei/viniciustei-blog/markdown/parser.go:57.3,57.21 1 0
github.com/ViniciusTei/viniciustei-blog/markdown/parser.go:58.20,60.15 2 0
github.com/ViniciusTei/viniciustei-blog/markdown/parser.go:61.21,63.15 2 0
github.com/ViniciusTei/viniciustei-blog/markdown/parser.go:64.21,66.15 2 0
github.com/ViniciusTei/viniciustei-blog/markdown/parser.go:67.21,69.15 2 0
github.com/ViniciusTei/viniciustei-blog/markdown/parser.go:70.21,72.15 2 0
github.com/ViniciusTei/viniciustei-blog/markdown/parser.go:73.21,75.15 2 0
github.com/ViniciusTei/viniciustei-blog/markdown/parser.go:76.23,78.15 2 0
github.com/ViniciusTei/viniciustei-blog/markdown/parser.go:79.22,83.8 3 0
github.com/ViniciusTei/viniciustei-blog/markdown/parser.go:83.8,84.9 1 0
github.com/ViniciusTei/viniciustei-blog/markdown/parser.go:84.9,85.37 1 0
github.com/ViniciusTei/viniciustei-blog/markdown/parser.go:85.37,86.12 1 0
github.com/ViniciusTei/viniciustei-blog/markdown/parser.go:88.6,90.17 3 0
github.com/ViniciusTei/viniciustei-blog/markdown/parser.go:94.4,94.35 1 0
github.com/ViniciusTei/viniciustei-blog/markdown/parser.go:95.27,99.8 3 0
github.com/ViniciusTei/viniciustei-blog/markdown/parser.go:99.8,100.41 1 0
github.com/ViniciusTei/viniciustei-blog/markdown/parser.go:100.41,101.11 1 0
github.com/ViniciusTei/viniciustei-blog/markdown/parser.go:103.5,105.16 3 0
github.com/ViniciusTei/viniciustei-blog/markdown/parser.go:110.2,110.14 1 0
github.com/ViniciusTei/viniciustei-blog/markdown/parser.go:113.34,116.29 3 0
github.com/ViniciusTei/viniciustei-blog/markdown/parser.go:116.29,117.20 1 0
github.com/ViniciusTei/viniciustei-blog/markdown/parser.go:118.19,119.54 1 0
github.com/ViniciusTei/viniciustei-blog/markdown/parser.go:120.20,121.54 1 0
github.com/ViniciusTei/viniciustei-blog/markdown/parser.go:122.20,123.54 1 0
github.com/ViniciusTei/viniciustei-blog/markdown/parser.go:124.20,125.54 1 0
github.com/ViniciusTei/viniciustei-blog/markdown/parser.go:126.20,127.54 1 0
github.com/ViniciusTei/viniciustei-blog/markdown/parser.go:128.20,129.54 1 0
github.com/ViniciusTei/viniciustei-blog/markdown/parser.go:130.22,131.52 1 0
github.com/ViniciusTei/viniciustei-blog/markdown/parser.go:132.21,138.40 2 0
github.com/ViniciusTei/viniciustei-blog/markdown/parser.go:138.40,140.5 1 0
github.com/ViniciusTei/viniciustei-blog/markdown/parser.go:141.4,141.21 1 0
github.com/ViniciusTei/viniciustei-blog/markdown/parser.go:142.11,143.52 1 0
github.com/ViniciusTei/viniciustei-blog/markdown/parser.go:148.2,148.13 1 0
github.com/ViniciusTei/viniciustei-blog/markdown/parser.go:151.31,153.2 1 0
github.com/ViniciusTei/viniciustei-blog/markdown/parser.go:155.28,157.2 1 0
